Step: build-step-credential-initializer-knplm:

{"level":"warn","ts":1556183381.5767772,"logger":"fallback-logger","caller":"logging/config.go:65","msg":"Fetch GitHub commit ID from kodata failed: \"ref: refs/heads/backport-container-name-fix\" is not a valid GitHub commit ID"}
{"level":"info","ts":1556183381.577755,"logger":"fallback-logger","caller":"creds-init/main.go:40","msg":"Credentials initialized."}
Step: build-step-git-source-*******-environment-frillabalon-gmtc9:

{"level":"warn","ts":1556183382.8824792,"logger":"fallback-logger","caller":"logging/config.go:65","msg":"Fetch GitHub commit ID from kodata failed: \"ref: refs/heads/backport-container-name-fix\" is not a valid GitHub commit ID"}
{"level":"info","ts":1556183383.9778583,"logger":"fallback-logger","caller":"git-init/main.go:99","msg":"Successfully cloned \"https://github.com/*******/environment-frillabalone-staging\" @ \"7cf3d9ab3750d71130a06937f574619db94058fd\" in path \"/workspace/source\""}
Step: build-step-place-tools:

Step: build-step-git-merge:

Warning failed to load version: failed to parse version -dev+9e73adc0b: No Major.Minor.Patch elements found
time="2019-04-25T09:09:46Z" level=info msg="got "
Using SHAs from PULL_REFS=master:8d310346c8843655ef9305e00996bdaddb1d71cd,3:7cf3d9ab3750d71130a06937f574619db94058fd
ran git fetch --unshallow origin 7cf3d9ab3750d71130a06937f574619db94058fd: 8d310346c8843655ef9305e00996bdaddb1d71cd: in 
ran git checkout master in 
ran git reset --hard 8d310346c8843655ef9305e00996bdaddb1d71cd in 
ran clean --force -d . in 
ran git merge 7cf3d9ab3750d71130a06937f574619db94058fd in 
Step: build-step-build-helm-build:

WARNING: No $CHART_REPOSITORY defined so using the default value of: http://jenkins-x-chartmuseum:8080
Adding missing Helm repo: chartmuseum.jenkins-x.io http://chartmuseum.jenkins-x.io
Successfully added Helm repository chartmuseum.jenkins-x.io.
Adding missing Helm repo: jenkins-x-chartmuseum http://jenkins-x-chartmuseum:8080
Successfully added Helm repository jenkins-x-chartmuseum.
