Step: build-step-credential-initializer-n7msj:

{"level":"warn","ts":1556182025.8469727,"logger":"fallback-logger","caller":"logging/config.go:65","msg":"Fetch GitHub commit ID from kodata failed: \"ref: refs/heads/backport-container-name-fix\" is not a valid GitHub commit ID"}
{"level":"info","ts":1556182025.8480272,"logger":"fallback-logger","caller":"creds-init/main.go:40","msg":"Credentials initialized."}
Step: build-step-git-source-*******-demo-app1-master-releas-9g9zd:

{"level":"warn","ts":1556182027.140869,"logger":"fallback-logger","caller":"logging/config.go:65","msg":"Fetch GitHub commit ID from kodata failed: \"ref: refs/heads/backport-container-name-fix\" is not a valid GitHub commit ID"}
{"level":"info","ts":1556182028.3857718,"logger":"fallback-logger","caller":"git-init/main.go:99","msg":"Successfully cloned \"https://github.com/*******/demo-app1\" @ \"v0.0.2\" in path \"/workspace/source\""}
Step: build-step-place-tools:

Step: build-step-git-merge:

Warning failed to load version: failed to parse version -dev+9e73adc0b: No Major.Minor.Patch elements found
time="2019-04-25T08:47:10Z" level=info msg="got "
Using SHAs from PULL_REFS=master:179f30ad3b9f340c70cbec9c66b29c012a70d4d2
time="2019-04-25T08:47:10Z" level=warning msg="no SHAs to merge, falling back to initial cloned commit"
Step: build-step-setup-**-git-credentials:

Generated Git credentials file /workspace/xdg_config/git/credentials
Step: build-step-build-python-unittest:


----------------------------------------------------------------------
Ran 0 tests in 0.000s

OK
Step: build-step-build-container-build:

[36mINFO[0m[0000] Downloading base image python:3.6-alpine     
ERROR: logging before flag.Parse: E0425 08:47:14.524838       9 metadata.go:142] while reading 'google-dockercfg' metadata: http status code: 404 while fetching url http://metadata.google.internal./computeMetadata/v1/instance/attributes/google-dockercfg
ERROR: logging before flag.Parse: E0425 08:47:14.529537       9 metadata.go:159] while reading 'google-dockercfg-url' metadata: http status code: 404 while fetching url http://metadata.google.internal./computeMetadata/v1/instance/attributes/google-dockercfg-url
2019/04/25 08:47:14 No matching credentials were found, falling back on anonymous
[36mINFO[0m[0001] Error while retrieving image from cache: getting file info: stat /workspace/sha256:dec7c09644364b20034a35cccf1fb25fb2a1b09a22ccd21c09f5131793146200: no such file or directory 
[36mINFO[0m[0001] Downloading base image python:3.6-alpine     
2019/04/25 08:47:15 No matching credentials were found, falling back on anonymous
[36mINFO[0m[0002] Using files from context: [/workspace/source/requirements.txt] 
[36mINFO[0m[0002] Checking for cached layer 10.19.242.226:5000/mcdn-test/cache:1c82ea180d5219a59df460e198162956f344a78bfbb2858a407974217bb7bcad... 
2019/04/25 08:47:16 No matching credentials were found, falling back on anonymous
[36mINFO[0m[0002] No cached layer found for cmd RUN pip install -r /requirements.txt 
[36mINFO[0m[0002] Unpacking rootfs as cmd RUN pip install -r /requirements.txt requires it. 
[36mINFO[0m[0004] Taking snapshot of full filesystem...        
[36mINFO[0m[0005] Using files from context: [/workspace/source/requirements.txt] 
[36mINFO[0m[0005] COPY requirements.txt /                      
[36mINFO[0m[0005] Taking snapshot of files...                  
[36mINFO[0m[0005] RUN pip install -r /requirements.txt         
[36mINFO[0m[0005] cmd: /bin/sh                                 
[36mINFO[0m[0005] args: [-c pip install -r /requirements.txt]  
Collecting flask==1.0.2 (from -r /requirements.txt (line 1))
  Downloading https://files.pythonhosted.org/packages/7f/e7/08578774ed4536d3242b14dacb4696386634607af824ea997202cd0edb4b/Flask-1.0.2-py2.py3-none-any.whl (91kB)
Collecting itsdangerous>=0.24 (from flask==1.0.2->-r /requirements.txt (line 1))
  Downloading https://files.pythonhosted.org/packages/76/ae/44b03b253d6fade317f32c24d100b3b35c2239807046a4c953c7b89fa49e/itsdangerous-1.1.0-py2.py3-none-any.whl
Collecting Jinja2>=2.10 (from flask==1.0.2->-r /requirements.txt (line 1))
  Downloading https://files.pythonhosted.org/packages/1d/e7/fd8b501e7a6dfe492a433deb7b9d833d39ca74916fa8bc63dd1a4947a671/Jinja2-2.10.1-py2.py3-none-any.whl (124kB)
Collecting click>=5.1 (from flask==1.0.2->-r /requirements.txt (line 1))
  Downloading https://files.pythonhosted.org/packages/fa/37/45185cb5abbc30d7257104c434fe0b07e5a195a6847506c074527aa599ec/Click-7.0-py2.py3-none-any.whl (81kB)
Collecting Werkzeug>=0.14 (from flask==1.0.2->-r /requirements.txt (line 1))
  Downloading https://files.pythonhosted.org/packages/18/79/84f02539cc181cdbf5ff5a41b9f52cae870b6f632767e43ba6ac70132e92/Werkzeug-0.15.2-py2.py3-none-any.whl (328kB)
Collecting MarkupSafe>=0.23 (from Jinja2>=2.10->flask==1.0.2->-r /requirements.txt (line 1))
  Downloading https://files.pythonhosted.org/packages/b9/2e/64db92e53b86efccfaea71321f597fa2e1b2bd3853d8ce658568f7a13094/MarkupSafe-1.1.1.tar.gz
Building wheels for collected packages: MarkupSafe
  Building wheel for MarkupSafe (setup.py): started
  Building wheel for MarkupSafe (setup.py): finished with status 'done'
  Stored in directory: /root/.cache/pip/wheels/f2/aa/04/0edf07a1b8a5f5f1aed7580fffb69ce8972edc16a505916a77
Successfully built MarkupSafe
Installing collected packages: itsdangerous, MarkupSafe, Jinja2, click, Werkzeug, flask
Successfully installed Jinja2-2.10.1 MarkupSafe-1.1.1 Werkzeug-0.15.2 click-7.0 flask-1.0.2 itsdangerous-1.1.0
[36mINFO[0m[0009] Taking snapshot of full filesystem...        
[36mINFO[0m[0010] Pushing layer 10.19.242.226:5000/mcdn-test/cache:1c82ea180d5219a59df460e198162956f344a78bfbb2858a407974217bb7bcad to cache now 
[36mINFO[0m[0010] Using files from context: [/workspace/source/templates] 
[36mINFO[0m[0010] COPY ./templates /app/templates              
[36mINFO[0m[0010] Taking snapshot of files...                  
[36mINFO[0m[0010] Using files from context: [/workspace/source/app.py] 
[36mINFO[0m[0010] COPY app.py /app                             
[36mINFO[0m[0010] Taking snapshot of files...                  
[36mINFO[0m[0010] WORKDIR /app                                 
[36mINFO[0m[0010] cmd: workdir                                 
[36mINFO[0m[0010] Changed working directory to /app            
[36mINFO[0m[0010] No files changed in this command, skipping snapshotting. 
[36mINFO[0m[0010] EXPOSE 8080                                  
[36mINFO[0m[0010] cmd: EXPOSE                                  
[36mINFO[0m[0010] Adding exposed port: 8080/tcp                
[36mINFO[0m[0010] No files changed in this command, skipping snapshotting. 
[36mINFO[0m[0010] CMD ["python", "app.py"]                     
[36mINFO[0m[0010] No files changed in this command, skipping snapshotting. 
2019/04/25 08:47:25 pushed blob: sha256:83680905f2eede0764961051087d1db59d87685506c5f7f58b3795f7524e6f77
2019/04/25 08:47:25 pushed blob: sha256:5f53715a8dbc51005780e11d916da609d9aa7e2ac115675b37d6b2af4466184a
2019/04/25 08:47:25 10.19.242.226:5000/mcdn-test/cache:1c82ea180d5219a59df460e198162956f344a78bfbb2858a407974217bb7bcad: digest: sha256:11ed5e94935183db38f5aa3f9e740dcce75259ad61c16cead72a386c0c320b46 size: 428
2019/04/25 08:47:25 existing blob: sha256:3a45eb710779742d5788647b8e4f1046ec0e476796532d93838d38a7b72afa14
2019/04/25 08:47:26 existing blob: sha256:59c926705abfce33273837742a03ad5b0208430695d4364f4b6b4629a5d720de
2019/04/25 08:47:26 existing blob: sha256:dd4853571cc7e489db8127107442851f2a6e314ec812a1020fe15418919fed18
2019/04/25 08:47:26 existing blob: sha256:bdf0201b3a056acc4d6062cc88cd8a4ad5979983bfb640f15a145e09ed985f92
2019/04/25 08:47:26 pushed blob: sha256:0cca545b40acb7ae30b4345f34350406c837393991f6b8241b93125aeadf9f74
2019/04/25 08:47:26 pushed blob: sha256:fd9a649b581e0581dbb2f148fb58304fd1b686229f75c0f0e0d76873bb69e3d8
2019/04/25 08:47:26 pushed blob: sha256:84b5523ac8774b64a8b1f870fb4d1fc04eab4bb0cc5f9bab65acec42ca15c1d8
2019/04/25 08:47:26 pushed blob: sha256:14b487b5341bc94f9c718e2c58302bd3c4416db7a8d35cd799831dd365e6f741
2019/04/25 08:47:26 pushed blob: sha256:f4700a9d59e5099cae4957f0e3d40e04a79ffcdbfafb286af1c2d7ac2c517cd2
2019/04/25 08:47:26 pushed blob: sha256:5f53715a8dbc51005780e11d916da609d9aa7e2ac115675b37d6b2af4466184a
2019/04/25 08:47:26 10.19.242.226:5000/*******/demo-app1:0.0.2: digest: sha256:b20cf09443dbad66c2e951722f4a0d9bc8e491281ce444c764782a97cde978b4 size: 1724
Step: build-step-build-post-build:

no CVE provider running in the current ** namespace so skip adding image to be analysed
Step: build-step-promote-changelog:

Converted /workspace/source/charts/demo-app1 to an unshallow repository
Generating change log from git ref 179f30ad3b9f340c70cbec9c66b29c012a70d4d2 => ed3458c72813adc802ed3c245fcc321869c2881a
WARNING: Failed to enrich commits with issues: User.jenkins.io "" is invalid: metadata.name: Required value: name or generateName is required
WARNING: Failed to enrich commits with issues: User.jenkins.io "" is invalid: metadata.name: Required value: name or generateName is required
Finding issues in commit messages using git format
WARNING: No release found for *******/demo-app1 and tag v0.0.2 so creating a new release
Updated the release information at https://github.com/*******/demo-app1/releases/tag/v0.0.2
generated: /workspace/source/charts/demo-app1/templates/release.yaml
Created Release demo-app1-0-0-2 resource in namespace **
Updating PipelineActivity *******-demo-app1-master-2 with version 0.0.2
Updated PipelineActivities *******-demo-app1-master-2 with release notes URL: https://github.com/*******/demo-app1/releases/tag/v0.0.2
Step: build-step-promote-helm-release:

WARNING: No $CHART_REPOSITORY defined so using the default value of: http://jenkins-x-chartmuseum:8080
Adding missing Helm repo: chartmuseum.jenkins-x.io http://chartmuseum.jenkins-x.io
Successfully added Helm repository chartmuseum.jenkins-x.io.
Adding missing Helm repo: jenkins-x-chartmuseum http://jenkins-x-chartmuseum:8080
Successfully added Helm repository jenkins-x-chartmuseum.
WARNING: No $CHART_REPOSITORY defined so using the default value of: http://jenkins-x-chartmuseum:8080
Uploading chart file demo-app1-0.0.2.tgz to http://jenkins-x-chartmuseum:8080/api/charts
Received 201 response: {"saved":true}
Step: build-step-promote-**-promote:

WARNING: prow based install so skip waiting for the merge of Pull Requests to go green as currently there is an issue with gettingstatuses from the PR, see https://github.com/jenkins-x/**/issues/2410
Promoting app demo-app1 version 0.0.2 to namespace **-staging
Created Pull Request: https://github.com/*******/environment-frillabalone-staging/pull/2

Pull Request https://github.com/*******/environment-frillabalone-staging/pull/2 is merged at sha 8d310346c8843655ef9305e00996bdaddb1d71cd
Pull Request merged but we are not waiting for the update pipeline to complete!
